<?xml version="1.0" encoding="UTF-8"?>
<!-- Generated by org.testng.reporters.JUnitXMLReporter -->
<testsuite hostname="DESKTOP-41ILLCD" ignored="0" name="RegTest1" tests="2" failures="0" timestamp="09 Jan 2018 06:59:27 GMT" time="4.241" errors="0">
  <testcase name="@BeforeMethod preCondition" time="0.0" classname="base.BaseTest">
    <failure type="java.lang.NullPointerException">
      <![CDATA[java.lang.NullPointerExceptionat base.BaseTest.preCondition(BaseTest.java:73)... Removed 28 stack frames]]>
    </failure>
  </testcase> <!-- @BeforeMethod preCondition -->
  <testcase name="@AfterClass closeApplication" time="0.0" classname="base.BaseTest">
    <skipped/>
  </testcase> <!-- @AfterClass closeApplication -->
  <testcase name="@BeforeClass getDriverWait" time="0.0" classname="base.BaseTest">
    <skipped/>
  </testcase> <!-- @BeforeClass getDriverWait -->
  <testcase name="@BeforeMethod preCondition" time="0.0" classname="base.BaseTest">
    <skipped/>
  </testcase> <!-- @BeforeMethod preCondition -->
  <testcase name="@AfterClass closeApplication" time="0.0" classname="base.BaseTest">
    <skipped/>
  </testcase> <!-- @AfterClass closeApplication -->
  <testcase name="testChangePreferences" time="0.0" classname="scripts.TestChangePreferences">
    <skipped/>
  </testcase> <!-- testChangePreferences -->
  <testcase name="loginStartUp" time="0.0" classname="scripts.TestLoginStartUp">
    <skipped/>
  </testcase> <!-- loginStartUp -->
</testsuite> <!-- RegTest1 -->
